0 info it worked if it ends with ok
1 verbose cli [ 'D:\\Program Files\\nodejs\\node.exe',
1 verbose cli   'D:\\Program Files\\nodejs\\node_modules\\npm\\bin\\npm-cli.js',
1 verbose cli   'start' ]
2 info using npm@3.10.10
3 info using node@v6.11.1
4 verbose run-script [ 'prestart', 'start', 'poststart' ]
5 info lifecycle duxiaodu@0.0.1~prestart: duxiaodu@0.0.1
6 silly lifecycle duxiaodu@0.0.1~prestart: no script for prestart, continuing
7 info lifecycle duxiaodu@0.0.1~start: duxiaodu@0.0.1
8 verbose lifecycle duxiaodu@0.0.1~start: unsafe-perm in lifecycle true
9 verbose lifecycle duxiaodu@0.0.1~start: PATH: D:\Program Files\nodejs\node_modules\npm\bin\node-gyp-bin;E:\demo\tuna\node_modules\.bin;D:\download\cmder\bin;D:\download\cmder\vendor\msysgit\bin;D:\download\cmder\vendor\msysgit\mingw\bin;D:\download\cmder\vendor\msysgit\cmd;D:\download\cmder\vendor\msysgit\share\vim\vim74;D:\download\cmder;D:\download\cmder\vendor\conemu-maximus5\ConEmu;D:\download\cmder\vendor\conemu-maximus5;C:\Users\Administrator\AppData\Local\Android\sdk\build-tools;C:\Users\Administrator\AppData\Local\Android\sdk\platform-tools;C:\Users\Administrator\AppData\Local\Android\sdk\tools;C:\ProgramData\Oracle\Java\javapath;D:\Program Files\MongoDB\Server\3.4\bin;C:\Program Files (x86)\Intel\iCLS Client\;C:\Program Files\Intel\iCLS Client\;C:\Windows\system32;C:\Windows;C:\Windows\System32\Wbem;C:\Windows\System32\WindowsPowerShell\v1.0\;C:\Program Files\Intel\Intel(R) Management Engine Components\DAL;C:\Program Files\Intel\Intel(R) Management Engine Components\IPT;C:\Program Files (x86)\Intel\Intel(R) Management Engine Components\DAL;C:\Program Files (x86)\Intel\Intel(R) Management Engine Components\IPT;C:\Program Files\TortoiseGit\bin;C:\Program Files (x86)\Git\bin;C:\Program Files (x86)\Git\libexec\git-core;C:\ProgramData\chocolatey\bin;C:\Program Files\Java\jdk1.8.0_121\bin;D:\Program Files\Android\Android Studio\gradle\gradle-3.2\bin;;D:\Program Files\nodejs\;C:\MinGW\bin;D:\Program Files\MongoDB\Server\3.4\bin;C:\Users\Administrator\AppData\Roaming\nvm\v5.9.0;C:\Users\Administrator\AppData\Local\Android\android-sdk\tools;C:\Users\Administrator\AppData\Local\Android\android-sdk\platform-tools;d:\Program Files (x86)\Microsoft VS Code\bin;D:\Program Files\Android\Android Studio\gradle\gradle-3.2\bin;;C:\Users\Administrator\AppData\Roaming\npm
10 verbose lifecycle duxiaodu@0.0.1~start: CWD: E:\demo\tuna
11 silly lifecycle duxiaodu@0.0.1~start: Args: [ '/d /s /c',
11 silly lifecycle   'webpack-dev-server --history-api-fallback --hot --inline --process --colors --port 3000' ]
12 silly lifecycle duxiaodu@0.0.1~start: Returned: code: 3221225786  signal: null
13 info lifecycle duxiaodu@0.0.1~start: Failed to exec start script
14 verbose stack Error: duxiaodu@0.0.1 start: `webpack-dev-server --history-api-fallback --hot --inline --process --colors --port 3000`
14 verbose stack Exit status 3221225786
14 verbose stack     at EventEmitter.<anonymous> (D:\Program Files\nodejs\node_modules\npm\lib\utils\lifecycle.js:255:16)
14 verbose stack     at emitTwo (events.js:106:13)
14 verbose stack     at EventEmitter.emit (events.js:191:7)
14 verbose stack     at ChildProcess.<anonymous> (D:\Program Files\nodejs\node_modules\npm\lib\utils\spawn.js:40:14)
14 verbose stack     at emitTwo (events.js:106:13)
14 verbose stack     at ChildProcess.emit (events.js:191:7)
14 verbose stack     at maybeClose (internal/child_process.js:891:16)
14 verbose stack     at Process.ChildProcess._handle.onexit (internal/child_process.js:226:5)
15 verbose pkgid duxiaodu@0.0.1
16 verbose cwd E:\demo\tuna
17 error Windows_NT 6.1.7601
18 error argv "D:\\Program Files\\nodejs\\node.exe" "D:\\Program Files\\nodejs\\node_modules\\npm\\bin\\npm-cli.js" "start"
19 error node v6.11.1
20 error npm  v3.10.10
21 error code ELIFECYCLE
22 error duxiaodu@0.0.1 start: `webpack-dev-server --history-api-fallback --hot --inline --process --colors --port 3000`
22 error Exit status 3221225786
23 error Failed at the duxiaodu@0.0.1 start script 'webpack-dev-server --history-api-fallback --hot --inline --process --colors --port 3000'.
23 error Make sure you have the latest version of node.js and npm installed.
23 error If you do, this is most likely a problem with the duxiaodu package,
23 error not with npm itself.
23 error Tell the author that this fails on your system:
23 error     webpack-dev-server --history-api-fallback --hot --inline --process --colors --port 3000
23 error You can get information on how to open an issue for this project with:
23 error     npm bugs duxiaodu
23 error Or if that isn't available, you can get their info via:
23 error     npm owner ls duxiaodu
23 error There is likely additional logging output above.
24 verbose exit [ 1, true ]
